==4751== Memcheck, a memory error detector
==4751== Copyright (C) 2002-2022, and GNU GPL'd, by Julian Seward et al.
==4751== Using Valgrind-3.22.0 and LibVEX; rerun with -h for copyright info
==4751== Command: ./minishell
==4751== 
==4751== 
==4751== Process terminating with default action of signal 2 (SIGINT)
==4751==    at 0x1F9FD2: __sanitizer::internal_open(char const*, int, unsigned int) (in /home/samuel/nzk/c19_minishell_basil_fork_01.gg/minishell)
==4751==    by 0x1FBEB1: __sanitizer::OpenFile(char const*, __sanitizer::FileAccessMode, int*) (in /home/samuel/nzk/c19_minishell_basil_fork_01.gg/minishell)
==4751==    by 0x1F5191: __sanitizer::ReadFileToBuffer(char const*, char**, unsigned long*, unsigned long*, unsigned long, int*) (in /home/samuel/nzk/c19_minishell_basil_fork_01.gg/minishell)
==4751==    by 0x1FE547: __sanitizer::ReadProcMaps(__sanitizer::ProcSelfMapsBuff*) (in /home/samuel/nzk/c19_minishell_basil_fork_01.gg/minishell)
==4751==    by 0x1FDCAB: __sanitizer::MemoryMappingLayout::MemoryMappingLayout(bool) (in /home/samuel/nzk/c19_minishell_basil_fork_01.gg/minishell)
==4751==    by 0x1DFCDC: __asan::AsanCheckIncompatibleRT() (in /home/samuel/nzk/c19_minishell_basil_fork_01.gg/minishell)
==4751==    by 0x1EA203: __asan::AsanInitInternal() (in /home/samuel/nzk/c19_minishell_basil_fork_01.gg/minishell)
==4751==    by 0x1EA647: __asan_init (in /home/samuel/nzk/c19_minishell_basil_fork_01.gg/minishell)
==4751==    by 0x4005872: _dl_init (dl-init.c:106)
==4751==    by 0x401F59F: ??? (in /usr/lib/x86_64-linux-gnu/ld-linux-x86-64.so.2)
==4751== 
==4751== HEAP SUMMARY:
==4751==     in use at exit: 0 bytes in 0 blocks
==4751==   total heap usage: 0 allocs, 0 frees, 0 bytes allocated
==4751== 
==4751== All heap blocks were freed -- no leaks are possible
==4751== 
==4751== For lists of detected and suppressed errors, rerun with: -s
==4751== ERROR SUMMARY: 0 errors from 0 contexts (suppressed: 0 from 0)
